Сборка начата 29.09.2023 19:32:23.
Уровень детализации журнала: Normal.     1>Проект "C:\Users\User\Desktop\СП\SP_Lab02\SP02_COM\SP02_COM.vcxproj" в узле 2 (целевые объекты Build).
     1>InitializeBuildStatus:
         Создание "Debug\SP02_COM.tlog\unsuccessfulbuild", так как было задано "AlwaysCreate".
       ClCompile:
         C:\Program Files\Microsoft Visual Studio\2022\Community\VC\Tools\MSVC\14.30.30705\bin\HostX86\x86\CL.exe /c /ZI /JMC /nologo /W3 /WX- /diagnostics:column /sdl /Od /Oy- /D WIN32 /D _DEBUG /D _CONSOLE /D _WINDLL /D _UNICODE /D UNICODE /Gm- /EHsc /RTC1 /MDd /GS /fp:precise /Zc:wchar_t /Zc:forScope /Zc:inline /permissive- /Fo"Debug\\" /Fd"Debug\vc143.pdb" /external:W3 /Gd /TP /analyze- /FC /errorReport:prompt Math.cpp MathFactory.cpp Registry.cpp dllmain.cpp
         Math.cpp
         MathFactory.cpp
         Registry.cpp
         dllmain.cpp
         Создание кода...
       Link:
         C:\Program Files\Microsoft Visual Studio\2022\Community\VC\Tools\MSVC\14.30.30705\bin\HostX86\x86\link.exe /ERRORREPORT:PROMPT /OUT:"C:\Users\User\Desktop\СП\SP_Lab02\Debug\SP02_COM.dll" /INCREMENTAL /ILK:"Debug\SP02_COM.ilk" /NOLOGO kernel32.lib user32.lib gdi32.lib winspool.lib comdlg32.lib advapi32.lib shell32.lib ole32.lib oleaut32.lib uuid.lib odbc32.lib odbccp32.lib /DEF:"OS_COM.def" /MANIFEST /MANIFESTUAC:"level='asInvoker' uiAccess='false'" /manifest:embed /DEBUG /PDB:"C:\Users\User\Desktop\СП\SP_Lab02\Debug\SP02_COM.pdb" /SUBSYSTEM:CONSOLE /TLBID:1 /DYNAMICBASE /NXCOMPAT /IMPLIB:"C:\Users\User\Desktop\СП\SP_Lab02\Debug\SP02_COM.lib" /MACHINE:X86 /DLL Debug\dllmain.obj
         Debug\Math.obj
         Debug\MathFactory.obj
         Debug\Registry.obj
     1>OS_COM.def(1): warning LNK4017: оператор LIBARY не поддерживается на конечной платформе; пропущен
            Создается библиотека C:\Users\User\Desktop\СП\SP_Lab02\Debug\SP02_COM.lib и объект C:\Users\User\Desktop\СП\SP_Lab02\Debug\SP02_COM.exp
         SP02_COM.vcxproj -> C:\Users\User\Desktop\СП\SP_Lab02\Debug\SP02_COM.dll
       FinalizeBuildStatus:
         Файл "Debug\SP02_COM.tlog\unsuccessfulbuild" удаляется.
         Обращение к "Debug\SP02_COM.tlog\SP02_COM.lastbuildstate".
     1>Сборка проекта "C:\Users\User\Desktop\СП\SP_Lab02\SP02_COM\SP02_COM.vcxproj" завершена (целевые объекты Build).

Сборка успешно завершена.

       "C:\Users\User\Desktop\СП\SP_Lab02\SP02_COM\SP02_COM.vcxproj" (целевой объект Build ) (1) ->
       (Целевой объект Link) -> 
         OS_COM.def(1): warning LNK4017: оператор LIBARY не поддерживается на конечной платформе; пропущен

    Предупреждений: 1
    Ошибок: 0

Прошло времени 00:00:03.25
