c:\users\user\desktop\сп\sp_lab02\sp02_com\debug\vc143.pdb
c:\users\user\desktop\сп\sp_lab02\sp02_com\debug\vc143.idb
c:\users\user\desktop\сп\sp_lab02\sp02_com\debug\registry.obj
c:\users\user\desktop\сп\sp_lab02\sp02_com\debug\mathfactory.obj
c:\users\user\desktop\сп\sp_lab02\sp02_com\debug\math.obj
c:\users\user\desktop\сп\sp_lab02\sp02_com\debug\dllmain.obj
d:\study\6 semester\это мы пиздим\lab12\debug\os12_com.lib
d:\study\6 semester\это мы пиздим\lab12\debug\os12_com.exp
d:\study\osi\lab12\debug\os12_com.lib
d:\study\osi\lab12\debug\os12_com.exp
c:\users\valda\source\repos\semester#6\оси\os_lab12\debug\os12_com.lib
c:\users\valda\source\repos\semester#6\оси\os_lab12\debug\os12_com.exp
c:\users\user\desktop\сп\sp_lab02\debug\sp02_com.dll
c:\users\user\desktop\сп\sp_lab02\sp02_com\debug\sp02_com.ilk
c:\users\user\desktop\сп\sp_lab02\debug\sp02_com.pdb
d:\github\6_sem_osisp\labs\lab12\debug\os12_com.lib
d:\github\6_sem_osisp\labs\lab12\debug\os12_com.exp
c:\users\user\desktop\sp_lab02\debug\sp02_com.lib
c:\users\user\desktop\sp_lab02\debug\sp02_com.exp
c:\users\user\desktop\сп\sp_lab02\debug\sp02_com.lib
c:\users\user\desktop\сп\sp_lab02\debug\sp02_com.exp
c:\users\user\desktop\сп\sp_lab02\sp02_com\debug\sp02_com.tlog\cl.command.1.tlog
c:\users\user\desktop\сп\sp_lab02\sp02_com\debug\sp02_com.tlog\cl.read.1.tlog
c:\users\user\desktop\сп\sp_lab02\sp02_com\debug\sp02_com.tlog\cl.write.1.tlog
c:\users\user\desktop\сп\sp_lab02\sp02_com\debug\sp02_com.tlog\link.command.1.tlog
c:\users\user\desktop\сп\sp_lab02\sp02_com\debug\sp02_com.tlog\link.read.1.tlog
c:\users\user\desktop\сп\sp_lab02\sp02_com\debug\sp02_com.tlog\link.write.1.tlog
c:\users\user\desktop\сп\sp_lab02\sp02_com\debug\sp02_com.tlog\sp02_com.write.1u.tlog
