Сборка начата 18.11.2023 9:55:13.
Уровень детализации журнала: Normal.     1>Проект "C:\Users\User\Desktop\СП\SP_Lab04\OS_Lab11\OS11_04\OS11_04.vcxproj" в узле 2 (целевые объекты Build).
     1>InitializeBuildStatus:
         Создание "Debug\OS11_04.tlog\unsuccessfulbuild", так как было задано "AlwaysCreate".
         Обращение к "Debug\OS11_04.tlog\unsuccessfulbuild".
       ClCompile:
         C:\Program Files\Microsoft Visual Studio\2022\Community\VC\Tools\MSVC\14.37.32822\bin\HostX86\x86\CL.exe /c /ZI /JMC /nologo /W3 /WX- /diagnostics:column /sdl /Od /Oy- /D WIN32 /D _DEBUG /D _CONSOLE /D _UNICODE /D UNICODE /Gm- /EHsc /RTC1 /MDd /GS /fp:precise /Zc:wchar_t /Zc:forScope /Zc:inline /permissive- /Fo"Debug\\" /Fd"Debug\vc143.pdb" /external:W3 /Gd /TP /analyze- /FC /errorReport:prompt main.cpp
         main.cpp
     1>C:\Users\User\Desktop\СП\SP_Lab04\OS_Lab11\OS11_HTAPI\Element.h(17,3): warning C4091: __declspec(dllexport): пропускается слева от "ht::Element", когда ни одна переменная не объявлена
     1>C:\Users\User\Desktop\СП\SP_Lab04\OS_Lab11\OS11_HTAPI\HT.h(41,3): warning C4091: __declspec(dllexport): пропускается слева от "ht::HtHandle", когда ни одна переменная не объявлена
       Link:
         C:\Program Files\Microsoft Visual Studio\2022\Community\VC\Tools\MSVC\14.37.32822\bin\HostX86\x86\link.exe /ERRORREPORT:PROMPT /OUT:"C:\Users\User\Desktop\СП\SP_Lab04\OS_Lab11\Debug\OS11_04.exe" /INCREMENTAL /ILK:"Debug\OS11_04.ilk" /NOLOGO kernel32.lib user32.lib gdi32.lib winspool.lib comdlg32.lib advapi32.lib shell32.lib ole32.lib oleaut32.lib uuid.lib odbc32.lib odbccp32.lib /MANIFEST /MANIFESTUAC:"level='asInvoker' uiAccess='false'" /manifest:embed /DEBUG /PDB:"C:\Users\User\Desktop\СП\SP_Lab04\OS_Lab11\Debug\OS11_04.pdb" /SUBSYSTEM:CONSOLE /TLBID:1 /DYNAMICBASE /NXCOMPAT /IMPLIB:"C:\Users\User\Desktop\СП\SP_Lab04\OS_Lab11\Debug\OS11_04.lib" /MACHINE:X86 Debug\main.obj
         "C:\Users\User\Desktop\СП\SP_Lab04\OS_Lab11\Debug\OS11_HTAPI.lib"
         OS11_04.vcxproj -> C:\Users\User\Desktop\СП\SP_Lab04\OS_Lab11\Debug\OS11_04.exe
       FinalizeBuildStatus:
         Файл "Debug\OS11_04.tlog\unsuccessfulbuild" удаляется.
         Обращение к "Debug\OS11_04.tlog\OS11_04.lastbuildstate".
     1>Сборка проекта "C:\Users\User\Desktop\СП\SP_Lab04\OS_Lab11\OS11_04\OS11_04.vcxproj" завершена (целевые объекты Build).

Сборка успешно завершена.

       "C:\Users\User\Desktop\СП\SP_Lab04\OS_Lab11\OS11_04\OS11_04.vcxproj" (целевой объект Build ) (1) ->
       (Целевой объект ClCompile) -> 
         C:\Users\User\Desktop\СП\SP_Lab04\OS_Lab11\OS11_HTAPI\Element.h(17,3): warning C4091: __declspec(dllexport): пропускается слева от "ht::Element", когда ни одна переменная не объявлена
         C:\Users\User\Desktop\СП\SP_Lab04\OS_Lab11\OS11_HTAPI\HT.h(41,3): warning C4091: __declspec(dllexport): пропускается слева от "ht::HtHandle", когда ни одна переменная не объявлена

    Предупреждений: 2
    Ошибок: 0

Прошло времени 00:00:01.16
