Сборка начата 17.11.2023 17:44:22.
Уровень детализации журнала: Normal.     1>Проект "C:\Users\User\Desktop\СП\SP_Lab04\OS_Lab11\OS11_HTAPI\OS11_HTAPI.vcxproj" в узле 2 (целевые объекты Build).
     1>InitializeBuildStatus:
         Создание "Debug\OS11_HTAPI.tlog\unsuccessfulbuild", так как было задано "AlwaysCreate".
         Обращение к "Debug\OS11_HTAPI.tlog\unsuccessfulbuild".
       ClCompile:
         C:\Program Files\Microsoft Visual Studio\2022\Community\VC\Tools\MSVC\14.37.32822\bin\HostX86\x86\CL.exe /c /ZI /JMC /nologo /W3 /WX- /diagnostics:column /sdl /Od /Oy- /D WIN32 /D _DEBUG /D OS11HTAPI_EXPORTS /D _WINDOWS /D _USRDLL /D _WINDLL /D _UNICODE /D UNICODE /Gm- /EHsc /RTC1 /MDd /GS /fp:precise /Zc:wchar_t /Zc:forScope /Zc:inline /permissive- /Yc"pch.h" /Fp"Debug\OS11_HTAPI.pch" /Fo"Debug\\" /Fd"Debug\vc143.pdb" /external:W3 /Gd /TP /analyze- /FC /errorReport:prompt pch.cpp
         pch.cpp
         C:\Program Files\Microsoft Visual Studio\2022\Community\VC\Tools\MSVC\14.37.32822\bin\HostX86\x86\CL.exe /c /ZI /JMC /nologo /W3 /WX- /diagnostics:column /sdl /Od /Oy- /D WIN32 /D _DEBUG /D OS11HTAPI_EXPORTS /D _WINDOWS /D _USRDLL /D _WINDLL /D _UNICODE /D UNICODE /Gm- /EHsc /RTC1 /MDd /GS /fp:precise /Zc:wchar_t /Zc:forScope /Zc:inline /permissive- /Yu"pch.h" /Fp"Debug\OS11_HTAPI.pch" /Fo"Debug\\" /Fd"Debug\vc143.pdb" /external:W3 /Gd /TP /analyze- /FC /errorReport:prompt Element.cpp HT.cpp dllmain.cpp
         Element.cpp
     1>C:\Users\User\Desktop\СП\SP_Lab04\OS_Lab11\OS11_HTAPI\Element.h(17,3): warning C4091: __declspec(dllexport): пропускается слева от "ht::Element", когда ни одна переменная не объявлена
         HT.cpp
     1>C:\Users\User\Desktop\СП\SP_Lab04\OS_Lab11\OS11_HTAPI\Element.h(17,3): warning C4091: __declspec(dllexport): пропускается слева от "ht::Element", когда ни одна переменная не объявлена
     1>C:\Users\User\Desktop\СП\SP_Lab04\OS_Lab11\OS11_HTAPI\HT.h(41,3): warning C4091: __declspec(dllexport): пропускается слева от "ht::HtHandle", когда ни одна переменная не объявлена
         dllmain.cpp
         Создание кода...
       Link:
         C:\Program Files\Microsoft Visual Studio\2022\Community\VC\Tools\MSVC\14.37.32822\bin\HostX86\x86\link.exe /ERRORREPORT:PROMPT /OUT:"C:\Users\User\Desktop\СП\SP_Lab04\OS_Lab11\Debug\OS11_HTAPI.dll" /INCREMENTAL /ILK:"Debug\OS11_HTAPI.ilk" /NOLOGO kernel32.lib user32.lib gdi32.lib winspool.lib comdlg32.lib advapi32.lib shell32.lib ole32.lib oleaut32.lib uuid.lib odbc32.lib odbccp32.lib /MANIFEST /MANIFESTUAC:NO /manifest:embed /DEBUG /PDB:"C:\Users\User\Desktop\СП\SP_Lab04\OS_Lab11\Debug\OS11_HTAPI.pdb" /SUBSYSTEM:WINDOWS /TLBID:1 /DYNAMICBASE /NXCOMPAT /IMPLIB:"C:\Users\User\Desktop\СП\SP_Lab04\OS_Lab11\Debug\OS11_HTAPI.lib" /MACHINE:X86 /DLL Debug\dllmain.obj
         Debug\Element.obj
         Debug\HT.obj
         Debug\pch.obj
         OS11_HTAPI.vcxproj -> C:\Users\User\Desktop\СП\SP_Lab04\OS_Lab11\Debug\OS11_HTAPI.dll
       FinalizeBuildStatus:
         Файл "Debug\OS11_HTAPI.tlog\unsuccessfulbuild" удаляется.
         Обращение к "Debug\OS11_HTAPI.tlog\OS11_HTAPI.lastbuildstate".
     1>Сборка проекта "C:\Users\User\Desktop\СП\SP_Lab04\OS_Lab11\OS11_HTAPI\OS11_HTAPI.vcxproj" завершена (целевые объекты Build).

Сборка успешно завершена.

       "C:\Users\User\Desktop\СП\SP_Lab04\OS_Lab11\OS11_HTAPI\OS11_HTAPI.vcxproj" (целевой объект Build ) (1) ->
       (Целевой объект ClCompile) -> 
         C:\Users\User\Desktop\СП\SP_Lab04\OS_Lab11\OS11_HTAPI\Element.h(17,3): warning C4091: __declspec(dllexport): пропускается слева от "ht::Element", когда ни одна переменная не объявлена
         C:\Users\User\Desktop\СП\SP_Lab04\OS_Lab11\OS11_HTAPI\Element.h(17,3): warning C4091: __declspec(dllexport): пропускается слева от "ht::Element", когда ни одна переменная не объявлена
         C:\Users\User\Desktop\СП\SP_Lab04\OS_Lab11\OS11_HTAPI\HT.h(41,3): warning C4091: __declspec(dllexport): пропускается слева от "ht::HtHandle", когда ни одна переменная не объявлена

    Предупреждений: 3
    Ошибок: 0

Прошло времени 00:00:01.97
