Сборка начата 21.12.2023 16:53:23.
Уровень детализации журнала: Normal.     1>Проект "C:\сп\SP_Lab06\OS_Lab14\OS14_HTCOM\OS14_HTCOM.vcxproj" в узле 2 (целевые объекты Build).
     1>InitializeBuildStatus:
         Создание "x64\Debug\OS14_HTCOM.tlog\unsuccessfulbuild", так как было задано "AlwaysCreate".
         Обращение к "x64\Debug\OS14_HTCOM.tlog\unsuccessfulbuild".
       ClCompile:
         Для всех выходных данных обновления не требуется.
         Для всех выходных данных обновления не требуется.
       Link:
         C:\Program Files\Microsoft Visual Studio\2022\Community\VC\Tools\MSVC\14.37.32822\bin\HostX64\x64\link.exe /ERRORREPORT:PROMPT /OUT:"C:\сп\SP_Lab06\OS_Lab14\x64\Debug\OS14_HTCOM.dll" /INCREMENTAL /ILK:"x64\Debug\OS14_HTCOM.ilk" /NOLOGO kernel32.lib user32.lib gdi32.lib winspool.lib comdlg32.lib advapi32.lib shell32.lib ole32.lib oleaut32.lib uuid.lib odbc32.lib odbccp32.lib /DEF:"./OS14_HTCOM.def" /MANIFEST /MANIFESTUAC:NO /manifest:embed /DEBUG /PDB:"C:\сп\SP_Lab06\OS_Lab14\x64\Debug\OS14_HTCOM.pdb" /SUBSYSTEM:WINDOWS /TLBID:1 /DYNAMICBASE /NXCOMPAT /IMPLIB:"C:\сп\SP_Lab06\OS_Lab14\x64\Debug\OS14_HTCOM.lib" /MACHINE:X64 /DLL x64\Debug\ClassFactory.obj
         x64\Debug\ComponentHT.obj
         x64\Debug\dllmain.obj
         x64\Debug\ExportFunctions.obj
         x64\Debug\pch.obj
         x64\Debug\Registry.obj
         "C:\сп\SP_Lab06\OS_Lab14\x64\Debug\OS14_HTAPI.lib"
         OS14_HTCOM.vcxproj -> C:\сп\SP_Lab06\OS_Lab14\x64\Debug\OS14_HTCOM.dll
       FinalizeBuildStatus:
         Файл "x64\Debug\OS14_HTCOM.tlog\unsuccessfulbuild" удаляется.
         Обращение к "x64\Debug\OS14_HTCOM.tlog\OS14_HTCOM.lastbuildstate".
     1>Сборка проекта "C:\сп\SP_Lab06\OS_Lab14\OS14_HTCOM\OS14_HTCOM.vcxproj" завершена (целевые объекты Build).

Сборка успешно завершена.
    Предупреждений: 0
    Ошибок: 0

Прошло времени 00:00:00.18
