d:\study\osi\lab5-ht-user-com-dll\os14_htcom\x64\debug\os14_htcom.pch
d:\study\osi\lab5-ht-user-com-dll\os14_htcom\x64\debug\vc143.pdb
d:\study\osi\lab5-ht-user-com-dll\os14_htcom\x64\debug\vc143.idb
d:\study\osi\lab5-ht-user-com-dll\os14_htcom\x64\debug\pch.obj
d:\study\osi\lab5-ht-user-com-dll\os14_htcom\x64\debug\registry.obj
d:\study\osi\lab5-ht-user-com-dll\os14_htcom\x64\debug\exportfunctions.obj
d:\study\osi\lab5-ht-user-com-dll\os14_htcom\x64\debug\dllmain.obj
d:\study\osi\lab5-ht-user-com-dll\os14_htcom\x64\debug\componentht.obj
d:\study\osi\lab5-ht-user-com-dll\os14_htcom\x64\debug\classfactory.obj
c:\users\valda\source\repos\semester#6\оси\os_lab14\os14_htcom\x64\debug\os14_htcom.pch
c:\users\valda\source\repos\semester#6\оси\os_lab14\os14_htcom\x64\debug\vc143.pdb
c:\users\valda\source\repos\semester#6\оси\os_lab14\os14_htcom\x64\debug\vc143.idb
c:\users\valda\source\repos\semester#6\оси\os_lab14\os14_htcom\x64\debug\pch.obj
c:\users\valda\source\repos\semester#6\оси\os_lab14\os14_htcom\x64\debug\registry.obj
c:\users\valda\source\repos\semester#6\оси\os_lab14\os14_htcom\x64\debug\exportfunctions.obj
c:\users\valda\source\repos\semester#6\оси\os_lab14\os14_htcom\x64\debug\dllmain.obj
c:\users\valda\source\repos\semester#6\оси\os_lab14\os14_htcom\x64\debug\componentht.obj
c:\users\valda\source\repos\semester#6\оси\os_lab14\os14_htcom\x64\debug\classfactory.obj
c:\users\user\desktop\сп\sp_lab06\os_lab14\os14_htcom\x64\debug\os14_htcom.pch
c:\users\user\desktop\сп\sp_lab06\os_lab14\os14_htcom\x64\debug\vc143.pdb
c:\users\user\desktop\сп\sp_lab06\os_lab14\os14_htcom\x64\debug\vc143.idb
c:\users\user\desktop\сп\sp_lab06\os_lab14\os14_htcom\x64\debug\pch.obj
c:\users\user\desktop\сп\sp_lab06\os_lab14\os14_htcom\x64\debug\registry.obj
c:\users\user\desktop\сп\sp_lab06\os_lab14\os14_htcom\x64\debug\exportfunctions.obj
c:\users\user\desktop\сп\sp_lab06\os_lab14\os14_htcom\x64\debug\dllmain.obj
c:\users\user\desktop\сп\sp_lab06\os_lab14\os14_htcom\x64\debug\componentht.obj
c:\users\user\desktop\сп\sp_lab06\os_lab14\os14_htcom\x64\debug\classfactory.obj
d:\study\osi\lab5-ht-user-com-dll\os14_htcom\x64\debug\os14_htcom.ilk
d:\study\osi\lab5-ht-user-com-dll\x64\debug\os14_htcom.dll
d:\study\osi\lab5-ht-user-com-dll\x64\debug\os14_htcom.pdb
d:\study\osi\lab5-ht-user-com-dll\x64\debug\os14_htcom.lib
d:\study\osi\lab5-ht-user-com-dll\x64\debug\os14_htcom.exp
c:\users\valda\source\repos\semester#6\оси\os_lab14\x64\debug\os14_htcom.lib
c:\users\valda\source\repos\semester#6\оси\os_lab14\x64\debug\os14_htcom.exp
c:\users\valda\source\repos\semester#6\оси\os_lab14\x64\debug\os14_htcom.dll
c:\users\valda\source\repos\semester#6\оси\os_lab14\os14_htcom\x64\debug\os14_htcom.ilk
c:\users\valda\source\repos\semester#6\оси\os_lab14\x64\debug\os14_htcom.pdb
c:\users\user\desktop\сп\sp_lab06\os_lab14\os14_htcom\x64\debug\os14_htcom.ilk
c:\users\user\desktop\сп\sp_lab06\os_lab14\x64\debug\os14_htcom.dll
c:\users\user\desktop\сп\sp_lab06\os_lab14\x64\debug\os14_htcom.pdb
c:\users\user\desktop\сп\sp_lab06\os_lab14\x64\debug\os14_htcom.lib
c:\users\user\desktop\сп\sp_lab06\os_lab14\x64\debug\os14_htcom.exp
d:\github\6_sem_osisp\labs\lab5-ht-user-com-dll\x64\debug\os14_htcom.lib
d:\github\6_sem_osisp\labs\lab5-ht-user-com-dll\x64\debug\os14_htcom.exp
c:\users\user\desktop\сп\sp_lab06\os_lab14\os14_htcom\x64\debug\os14_htcom.tlog\cl.command.1.tlog
c:\users\user\desktop\сп\sp_lab06\os_lab14\os14_htcom\x64\debug\os14_htcom.tlog\cl.items.tlog
c:\users\user\desktop\сп\sp_lab06\os_lab14\os14_htcom\x64\debug\os14_htcom.tlog\cl.read.1.tlog
c:\users\user\desktop\сп\sp_lab06\os_lab14\os14_htcom\x64\debug\os14_htcom.tlog\cl.write.1.tlog
c:\users\user\desktop\сп\sp_lab06\os_lab14\os14_htcom\x64\debug\os14_htcom.tlog\link.command.1.tlog
c:\users\user\desktop\сп\sp_lab06\os_lab14\os14_htcom\x64\debug\os14_htcom.tlog\link.read.1.tlog
c:\users\user\desktop\сп\sp_lab06\os_lab14\os14_htcom\x64\debug\os14_htcom.tlog\link.write.1.tlog
c:\users\user\desktop\сп\sp_lab06\os_lab14\os14_htcom\x64\debug\os14_htcom.tlog\link.write.2u.tlog
c:\users\user\desktop\сп\sp_lab06\os_lab14\os14_htcom\x64\debug\os14_htcom.tlog\os14_htcom.write.1u.tlog
