Сборка начата 15.12.2023 18:43:53.
Уровень детализации журнала: Normal.     1>Проект "C:\сп\SP_Lab06\OS_Lab14\OS14_HTCOM_LIB\OS14_HTCOM_LIB.vcxproj" в узле 2 (целевые объекты Build).
     1>InitializeBuildStatus:
         Обращение к "x64\Debug\OS14_HTCOM_LIB.tlog\unsuccessfulbuild".
       ClCompile:
         C:\Program Files\Microsoft Visual Studio\2022\Community\VC\Tools\MSVC\14.37.32822\bin\HostX64\x64\CL.exe /c /ZI /JMC /nologo /W3 /WX- /diagnostics:column /sdl /Od /D _DEBUG /D _LIB /D _UNICODE /D UNICODE /Gm- /EHsc /RTC1 /MDd /GS /fp:precise /Zc:wchar_t /Zc:forScope /Zc:inline /permissive- /Yc"pch.h" /Fp"x64\Debug\OS14_HTCOM_LIB.pch" /Fo"x64\Debug\\" /Fd"C:\сп\SP_Lab06\OS_Lab14\x64\Debug\OS14_HTCOM_LIB.pdb" /external:W3 /Gd /TP /FC /errorReport:prompt pch.cpp
         pch.cpp
         C:\Program Files\Microsoft Visual Studio\2022\Community\VC\Tools\MSVC\14.37.32822\bin\HostX64\x64\CL.exe /c /ZI /JMC /nologo /W3 /WX- /diagnostics:column /sdl /Od /D _DEBUG /D _LIB /D _UNICODE /D UNICODE /Gm- /EHsc /RTC1 /MDd /GS /fp:precise /Zc:wchar_t /Zc:forScope /Zc:inline /permissive- /Yu"pch.h" /Fp"x64\Debug\OS14_HTCOM_LIB.pch" /Fo"x64\Debug\\" /Fd"C:\сп\SP_Lab06\OS_Lab14\x64\Debug\OS14_HTCOM_LIB.pdb" /external:W3 /Gd /TP /FC /errorReport:prompt OS14_HTCOM_LIB.cpp
         OS14_HTCOM_LIB.cpp
       Lib:
         C:\Program Files\Microsoft Visual Studio\2022\Community\VC\Tools\MSVC\14.37.32822\bin\HostX64\x64\Lib.exe /OUT:"C:\сп\SP_Lab06\OS_Lab14\x64\Debug\OS14_HTCOM_LIB.lib" /NOLOGO /MACHINE:X64 x64\Debug\OS14_HTCOM_LIB.obj
         x64\Debug\pch.obj
         OS14_HTCOM_LIB.vcxproj -> C:\сп\SP_Lab06\OS_Lab14\x64\Debug\OS14_HTCOM_LIB.lib
       TlogCleanup:
         Следующие элементы будут удалены из tlogs, так как они были удалены из проекта или сборки: C:\Users\User\Desktop\СП\SP_Lab06\OS_Lab14\OS14_HTCOM_LIB\OS14_HTCOM_LIB.cpp.
       FinalizeBuildStatus:
         Файл "x64\Debug\OS14_HTCOM_LIB.tlog\unsuccessfulbuild" удаляется.
         Обращение к "x64\Debug\OS14_HTCOM_LIB.tlog\OS14_HTCOM_LIB.lastbuildstate".
     1>Сборка проекта "C:\сп\SP_Lab06\OS_Lab14\OS14_HTCOM_LIB\OS14_HTCOM_LIB.vcxproj" завершена (целевые объекты Build).

Сборка успешно завершена.
    Предупреждений: 0
    Ошибок: 0

Прошло времени 00:00:01.49
