Сборка начата 14.12.2023 21:40:35.
Уровень детализации журнала: Normal.     1>Проект "C:\сп\SP_Lab06\OS_Lab14\OS14_STOP\OS14_STOP.vcxproj" в узле 2 (целевые объекты Build).
     1>InitializeBuildStatus:
         Создание "x64\Debug\OS14_STOP.tlog\unsuccessfulbuild", так как было задано "AlwaysCreate".
         Обращение к "x64\Debug\OS14_STOP.tlog\unsuccessfulbuild".
       ClCompile:
         C:\Program Files\Microsoft Visual Studio\2022\Community\VC\Tools\MSVC\14.37.32822\bin\HostX64\x64\CL.exe /c /ZI /JMC /nologo /W3 /WX- /diagnostics:column /sdl /Od /D _DEBUG /D _CONSOLE /D _UNICODE /D UNICODE /Gm- /EHsc /RTC1 /MDd /GS /fp:precise /Zc:wchar_t /Zc:forScope /Zc:inline /permissive- /Fo"x64\Debug\\" /Fd"x64\Debug\vc143.pdb" /external:W3 /Gd /TP /FC /errorReport:prompt main.cpp
         main.cpp
       Link:
         C:\Program Files\Microsoft Visual Studio\2022\Community\VC\Tools\MSVC\14.37.32822\bin\HostX64\x64\link.exe /ERRORREPORT:PROMPT /OUT:"C:\сп\SP_Lab06\OS_Lab14\x64\Debug\OS14_STOP.exe" /INCREMENTAL /ILK:"x64\Debug\OS14_STOP.ilk" /NOLOGO kernel32.lib user32.lib gdi32.lib winspool.lib comdlg32.lib advapi32.lib shell32.lib ole32.lib oleaut32.lib uuid.lib odbc32.lib odbccp32.lib /MANIFEST /MANIFESTUAC:"level='asInvoker' uiAccess='false'" /manifest:embed /DEBUG /PDB:"C:\сп\SP_Lab06\OS_Lab14\x64\Debug\OS14_STOP.pdb" /SUBSYSTEM:CONSOLE /TLBID:1 /DYNAMICBASE /NXCOMPAT /IMPLIB:"C:\сп\SP_Lab06\OS_Lab14\x64\Debug\OS14_STOP.lib" /MACHINE:X64 x64\Debug\main.obj
         OS14_STOP.vcxproj -> C:\сп\SP_Lab06\OS_Lab14\x64\Debug\OS14_STOP.exe
       TlogCleanup:
         Следующие элементы будут удалены из tlogs, так как они были удалены из проекта или сборки: C:\Users\User\Desktop\СП\SP_Lab06\OS_Lab14\OS14_STOP\main.cpp.
       FinalizeBuildStatus:
         Файл "x64\Debug\OS14_STOP.tlog\unsuccessfulbuild" удаляется.
         Обращение к "x64\Debug\OS14_STOP.tlog\OS14_STOP.lastbuildstate".
     1>Сборка проекта "C:\сп\SP_Lab06\OS_Lab14\OS14_STOP\OS14_STOP.vcxproj" завершена (целевые объекты Build).

Сборка успешно завершена.
    Предупреждений: 0
    Ошибок: 0

Прошло времени 00:00:00.66
