Сборка начата 19.10.2023 16:36:04.
Уровень детализации журнала: Normal.     1>Проект "C:\Users\User\Desktop\СП\SP_Lab03\OS_Lab10\OS10_02\OS10_02.vcxproj" в узле 2 (целевые объекты Build).
     1>PrepareForBuild:
         Создание каталога "Debug\OS10_02.tlog\".
       InitializeBuildStatus:
         Создание "Debug\OS10_02.tlog\unsuccessfulbuild", так как было задано "AlwaysCreate".
         Обращение к "Debug\OS10_02.tlog\unsuccessfulbuild".
       ClCompile:
         C:\Program Files\Microsoft Visual Studio\2022\Community\VC\Tools\MSVC\14.37.32822\bin\HostX86\x86\CL.exe /c /ZI /JMC /nologo /W3 /WX- /diagnostics:column /sdl /Od /Oy- /D WIN32 /D _DEBUG /D _CONSOLE /D _UNICODE /D UNICODE /Gm- /EHsc /RTC1 /MDd /GS /fp:precise /Zc:wchar_t /Zc:forScope /Zc:inline /permissive- /Fo"Debug\\" /Fd"Debug\vc143.pdb" /external:W3 /Gd /TP /analyze- /FC /errorReport:prompt main.cpp
         main.cpp
       Link:
         C:\Program Files\Microsoft Visual Studio\2022\Community\VC\Tools\MSVC\14.37.32822\bin\HostX86\x86\link.exe /ERRORREPORT:PROMPT /OUT:"C:\Users\User\Desktop\СП\SP_Lab03\OS_Lab10\Debug\OS10_02.exe" /INCREMENTAL /ILK:"Debug\OS10_02.ilk" /NOLOGO /MANIFEST /MANIFESTUAC:"level='asInvoker' uiAccess='false'" /manifest:embed /DEBUG /PDB:"C:\Users\User\Desktop\СП\SP_Lab03\OS_Lab10\Debug\OS10_02.pdb" /SUBSYSTEM:CONSOLE /TLBID:1 /DYNAMICBASE /NXCOMPAT /IMPLIB:"C:\Users\User\Desktop\СП\SP_Lab03\OS_Lab10\Debug\OS10_02.lib" /MACHINE:X86 Debug\main.obj
         "C:\Users\User\Desktop\СП\SP_Lab03\OS_Lab10\Debug\OS10_HTAPI.lib"
         OS10_02.vcxproj -> C:\Users\User\Desktop\СП\SP_Lab03\OS_Lab10\Debug\OS10_02.exe
       FinalizeBuildStatus:
         Файл "Debug\OS10_02.tlog\unsuccessfulbuild" удаляется.
         Обращение к "Debug\OS10_02.tlog\OS10_02.lastbuildstate".
     1>Сборка проекта "C:\Users\User\Desktop\СП\SP_Lab03\OS_Lab10\OS10_02\OS10_02.vcxproj" завершена (целевые объекты Build).

Сборка успешно завершена.
    Предупреждений: 0
    Ошибок: 0

Прошло времени 00:00:01.34
