Сборка начата 23.11.2023 10:50:11.
Уровень детализации журнала: Normal.     1>Проект "C:\Users\User\Desktop\СП\SP_Lab05\lab4-ht-com-dll\OS_0403\OS_0403.vcxproj" в узле 4 (целевые объекты Build).
     1>InitializeBuildStatus:
         Обращение к "Debug\OS_0403.tlog\unsuccessfulbuild".
       ClCompile:
         Для всех выходных данных обновления не требуется.
       Link:
         C:\Program Files\Microsoft Visual Studio\2022\Community\VC\Tools\MSVC\14.37.32822\bin\HostX86\x86\link.exe /ERRORREPORT:PROMPT /OUT:"C:\Users\User\Desktop\СП\SP_Lab05\lab4-ht-com-dll\Debug\OS_0403.exe" /INCREMENTAL /ILK:"Debug\OS_0403.ilk" /NOLOGO kernel32.lib user32.lib gdi32.lib winspool.lib comdlg32.lib advapi32.lib shell32.lib ole32.lib oleaut32.lib uuid.lib odbc32.lib odbccp32.lib /MANIFEST /MANIFESTUAC:"level='asInvoker' uiAccess='false'" /manifest:embed /DEBUG /PDB:"C:\Users\User\Desktop\СП\SP_Lab05\lab4-ht-com-dll\Debug\OS_0403.pdb" /SUBSYSTEM:CONSOLE /TLBID:1 /DYNAMICBASE /NXCOMPAT /IMPLIB:"C:\Users\User\Desktop\СП\SP_Lab05\lab4-ht-com-dll\Debug\OS_0403.lib" /MACHINE:X86 Debug\main.obj
         "C:\Users\User\Desktop\СП\SP_Lab05\lab4-ht-com-dll\Debug\OS13_HTCOM.lib"
         "C:\Users\User\Desktop\СП\SP_Lab05\lab4-ht-com-dll\Debug\OS13_HTCOM_LIB.lib"
     1>C:\Program Files\Microsoft Visual Studio\2022\Community\MSBuild\Microsoft\VC\v170\Microsoft.CppCommon.targets(1134,5): error MSB6006: "link.exe" завершилась с кодом 1104.
     1>LINK : fatal error LNK1104: не удается открыть файл "C:\Users\User\Desktop\СП\SP_Lab05\lab4-ht-com-dll\Debug\OS13_HTCOM.lib"
     1>Сборка проекта "C:\Users\User\Desktop\СП\SP_Lab05\lab4-ht-com-dll\OS_0403\OS_0403.vcxproj" завершена (целевые объекты Build) с ошибкой.

Ошибка сборки.

       "C:\Users\User\Desktop\СП\SP_Lab05\lab4-ht-com-dll\OS_0403\OS_0403.vcxproj" (целевой объект Build ) (1) ->
       (Целевой объект Link) -> 
         C:\Program Files\Microsoft Visual Studio\2022\Community\MSBuild\Microsoft\VC\v170\Microsoft.CppCommon.targets(1134,5): error MSB6006: "link.exe" завершилась с кодом 1104.
         LINK : fatal error LNK1104: не удается открыть файл "C:\Users\User\Desktop\СП\SP_Lab05\lab4-ht-com-dll\Debug\OS13_HTCOM.lib"

    Предупреждений: 0
    Ошибок: 2

Прошло времени 00:00:00.36
