c:\сп\sp_lab07\lab6-ht-service-user-com-dll\os15_htcom\x64\debug\os15_htcom.pch
c:\сп\sp_lab07\lab6-ht-service-user-com-dll\os15_htcom\x64\debug\vc143.pdb
c:\сп\sp_lab07\lab6-ht-service-user-com-dll\os15_htcom\x64\debug\vc143.idb
c:\сп\sp_lab07\lab6-ht-service-user-com-dll\os15_htcom\x64\debug\pch.obj
c:\сп\sp_lab07\lab6-ht-service-user-com-dll\os15_htcom\x64\debug\registry.obj
c:\сп\sp_lab07\lab6-ht-service-user-com-dll\os15_htcom\x64\debug\exportfunctions.obj
c:\сп\sp_lab07\lab6-ht-service-user-com-dll\os15_htcom\x64\debug\dllmain.obj
c:\сп\sp_lab07\lab6-ht-service-user-com-dll\os15_htcom\x64\debug\componentht.obj
c:\сп\sp_lab07\lab6-ht-service-user-com-dll\os15_htcom\x64\debug\classfactory.obj
c:\сп\sp_lab07\lab6-ht-service-user-com-dll\os15_htcom\x64\debug\os15_htcom.ilk
c:\сп\sp_lab07\lab6-ht-service-user-com-dll\x64\debug\os15_htcom.dll
c:\сп\sp_lab07\lab6-ht-service-user-com-dll\x64\debug\os15_htcom.pdb
c:\сп\sp_lab07\lab6-ht-service-user-com-dll\x64\debug\os15_htcom.lib
c:\сп\sp_lab07\lab6-ht-service-user-com-dll\x64\debug\os15_htcom.exp
c:\сп\sp_lab07\lab6-ht-service-user-com-dll\os15_htcom\x64\debug\os15_htcom.tlog\cl.command.1.tlog
c:\сп\sp_lab07\lab6-ht-service-user-com-dll\os15_htcom\x64\debug\os15_htcom.tlog\cl.items.tlog
c:\сп\sp_lab07\lab6-ht-service-user-com-dll\os15_htcom\x64\debug\os15_htcom.tlog\cl.read.1.tlog
c:\сп\sp_lab07\lab6-ht-service-user-com-dll\os15_htcom\x64\debug\os15_htcom.tlog\cl.write.1.tlog
c:\сп\sp_lab07\lab6-ht-service-user-com-dll\os15_htcom\x64\debug\os15_htcom.tlog\link.command.1.tlog
c:\сп\sp_lab07\lab6-ht-service-user-com-dll\os15_htcom\x64\debug\os15_htcom.tlog\link.read.1.tlog
c:\сп\sp_lab07\lab6-ht-service-user-com-dll\os15_htcom\x64\debug\os15_htcom.tlog\link.write.1.tlog
c:\сп\sp_lab07\lab6-ht-service-user-com-dll\os15_htcom\x64\debug\os15_htcom.tlog\link.write.2u.tlog
