c:\users\user\desktop\сп\sp_lab05\lab4-ht-com-dll\os13_htcom\x64\debug\os13_htcom.pch
c:\users\user\desktop\сп\sp_lab05\lab4-ht-com-dll\os13_htcom\x64\debug\vc143.pdb
c:\users\user\desktop\сп\sp_lab05\lab4-ht-com-dll\os13_htcom\x64\debug\vc143.idb
c:\users\user\desktop\сп\sp_lab05\lab4-ht-com-dll\os13_htcom\x64\debug\pch.obj
c:\users\user\desktop\сп\sp_lab05\lab4-ht-com-dll\os13_htcom\x64\debug\dllmain.obj
c:\users\user\desktop\сп\sp_lab05\lab4-ht-com-dll\os13_htcom\x64\debug\registry.obj
c:\users\user\desktop\сп\sp_lab05\lab4-ht-com-dll\os13_htcom\x64\debug\exportfunctions.obj
c:\users\user\desktop\сп\sp_lab05\lab4-ht-com-dll\os13_htcom\x64\debug\componentht.obj
c:\users\user\desktop\сп\sp_lab05\lab4-ht-com-dll\os13_htcom\x64\debug\classfactory.obj
c:\users\user\desktop\сп\sp_lab05\lab4-ht-com-dll\x64\debug\os13_htcom.lib
c:\users\user\desktop\сп\sp_lab05\lab4-ht-com-dll\x64\debug\os13_htcom.exp
c:\users\user\desktop\сп\sp_lab05\lab4-ht-com-dll\os13_htcom\x64\debug\os13_htcom.ilk
c:\users\user\desktop\сп\sp_lab05\lab4-ht-com-dll\x64\debug\os13_htcom.dll
c:\users\user\desktop\сп\sp_lab05\lab4-ht-com-dll\x64\debug\os13_htcom.pdb
c:\users\user\desktop\сп\sp_lab05\lab4-ht-com-dll\os13_htcom\x64\debug\os13_htcom.tlog\cl.command.1.tlog
c:\users\user\desktop\сп\sp_lab05\lab4-ht-com-dll\os13_htcom\x64\debug\os13_htcom.tlog\cl.items.tlog
c:\users\user\desktop\сп\sp_lab05\lab4-ht-com-dll\os13_htcom\x64\debug\os13_htcom.tlog\cl.read.1.tlog
c:\users\user\desktop\сп\sp_lab05\lab4-ht-com-dll\os13_htcom\x64\debug\os13_htcom.tlog\cl.write.1.tlog
c:\users\user\desktop\сп\sp_lab05\lab4-ht-com-dll\os13_htcom\x64\debug\os13_htcom.tlog\link.command.1.tlog
c:\users\user\desktop\сп\sp_lab05\lab4-ht-com-dll\os13_htcom\x64\debug\os13_htcom.tlog\link.read.1.tlog
c:\users\user\desktop\сп\sp_lab05\lab4-ht-com-dll\os13_htcom\x64\debug\os13_htcom.tlog\link.write.1.tlog
c:\users\user\desktop\сп\sp_lab05\lab4-ht-com-dll\os13_htcom\x64\debug\os13_htcom.tlog\link.write.2u.tlog
