Сборка начата 07.12.2023 13:04:31.
Уровень детализации журнала: Normal.     1>Проект "C:\Users\User\Desktop\СП\SP_Lab05\lab4-ht-com-dll\OS13_HTCOM\OS13_HTCOM.vcxproj" в узле 3 (целевые объекты Rebuild).
     1>_PrepareForClean:
         Файл "x64\Debug\OS13_HTCOM.tlog\OS13_HTCOM.lastbuildstate" удаляется.
       InitializeBuildStatus:
         Создание "x64\Debug\OS13_HTCOM.tlog\unsuccessfulbuild", так как было задано "AlwaysCreate".
         Обращение к "x64\Debug\OS13_HTCOM.tlog\unsuccessfulbuild".
       ClCompile:
         C:\Program Files\Microsoft Visual Studio\2022\Community\VC\Tools\MSVC\14.37.32822\bin\HostX64\x64\CL.exe /c /ZI /JMC /nologo /W3 /WX- /diagnostics:column /sdl /Od /D _DEBUG /D OS13HTCOM_EXPORTS /D _WINDOWS /D _USRDLL /D _WINDLL /D _UNICODE /D UNICODE /Gm- /EHsc /RTC1 /MDd /GS /fp:precise /Zc:wchar_t /Zc:forScope /Zc:inline /permissive- /Yc"pch.h" /Fp"x64\Debug\OS13_HTCOM.pch" /Fo"x64\Debug\\" /Fd"x64\Debug\vc143.pdb" /external:W3 /Gd /TP /FC /errorReport:prompt pch.cpp
         pch.cpp
         C:\Program Files\Microsoft Visual Studio\2022\Community\VC\Tools\MSVC\14.37.32822\bin\HostX64\x64\CL.exe /c /ZI /JMC /nologo /W3 /WX- /diagnostics:column /sdl /Od /D _DEBUG /D OS13HTCOM_EXPORTS /D _WINDOWS /D _USRDLL /D _WINDLL /D _UNICODE /D UNICODE /Gm- /EHsc /RTC1 /MDd /GS /fp:precise /Zc:wchar_t /Zc:forScope /Zc:inline /permissive- /Yu"pch.h" /Fp"x64\Debug\OS13_HTCOM.pch" /Fo"x64\Debug\\" /Fd"x64\Debug\vc143.pdb" /external:W3 /Gd /TP /FC /errorReport:prompt ClassFactory.cpp ComponentHT.cpp dllmain.cpp ExportFunctions.cpp Registry.cpp
         ClassFactory.cpp
         ComponentHT.cpp
         dllmain.cpp
         ExportFunctions.cpp
         Registry.cpp
     1>C:\Users\User\Desktop\СП\SP_Lab05\lab4-ht-com-dll\OS13_HTCOM\Registry.cpp(144,24): warning C4267: аргумент: преобразование из "size_t" в "DWORD"; возможна потеря данных
         Создание кода...
       Link:
         C:\Program Files\Microsoft Visual Studio\2022\Community\VC\Tools\MSVC\14.37.32822\bin\HostX64\x64\link.exe /ERRORREPORT:PROMPT /OUT:"C:\Users\User\Desktop\СП\SP_Lab05\lab4-ht-com-dll\x64\Debug\OS13_HTCOM.dll" /INCREMENTAL /ILK:"x64\Debug\OS13_HTCOM.ilk" /NOLOGO kernel32.lib user32.lib gdi32.lib winspool.lib comdlg32.lib advapi32.lib shell32.lib ole32.lib oleaut32.lib uuid.lib odbc32.lib odbccp32.lib /DEF:"./OS13_HTCOM.def" /MANIFEST /MANIFESTUAC:NO /manifest:embed /DEBUG /PDB:"C:\Users\User\Desktop\СП\SP_Lab05\lab4-ht-com-dll\x64\Debug\OS13_HTCOM.pdb" /SUBSYSTEM:WINDOWS /TLBID:1 /DYNAMICBASE /NXCOMPAT /IMPLIB:"C:\Users\User\Desktop\СП\SP_Lab05\lab4-ht-com-dll\x64\Debug\OS13_HTCOM.lib" /MACHINE:X64 /DLL x64\Debug\ClassFactory.obj
         x64\Debug\ComponentHT.obj
         x64\Debug\dllmain.obj
         x64\Debug\ExportFunctions.obj
         x64\Debug\pch.obj
         x64\Debug\Registry.obj
            Создается библиотека C:\Users\User\Desktop\СП\SP_Lab05\lab4-ht-com-dll\x64\Debug\OS13_HTCOM.lib и объект C:\Users\User\Desktop\СП\SP_Lab05\lab4-ht-com-dll\x64\Debug\OS13_HTCOM.exp
         OS13_HTCOM.vcxproj -> C:\Users\User\Desktop\СП\SP_Lab05\lab4-ht-com-dll\x64\Debug\OS13_HTCOM.dll
       FinalizeBuildStatus:
         Файл "x64\Debug\OS13_HTCOM.tlog\unsuccessfulbuild" удаляется.
         Обращение к "x64\Debug\OS13_HTCOM.tlog\OS13_HTCOM.lastbuildstate".
     1>Сборка проекта "C:\Users\User\Desktop\СП\SP_Lab05\lab4-ht-com-dll\OS13_HTCOM\OS13_HTCOM.vcxproj" завершена (целевые объекты Rebuild).

Сборка успешно завершена.

       "C:\Users\User\Desktop\СП\SP_Lab05\lab4-ht-com-dll\OS13_HTCOM\OS13_HTCOM.vcxproj" (целевой объект Rebuild ) (1) ->
       (Целевой объект ClCompile) -> 
         C:\Users\User\Desktop\СП\SP_Lab05\lab4-ht-com-dll\OS13_HTCOM\Registry.cpp(144,24): warning C4267: аргумент: преобразование из "size_t" в "DWORD"; возможна потеря данных

    Предупреждений: 1
    Ошибок: 0

Прошло времени 00:00:02.07
