Сборка начата 23.11.2023 10:51:45.
Уровень детализации журнала: Normal.     1>Проект "C:\Users\User\Desktop\СП\SP_Lab05\lab4-ht-com-dll\OS13_HTCOM\OS13_HTCOM.vcxproj" в узле 2 (целевые объекты Build).
     1>InitializeBuildStatus:
         Обращение к "Debug\OS13_HTCOM.tlog\unsuccessfulbuild".
       ClCompile:
         Для всех выходных данных обновления не требуется.
         Для всех выходных данных обновления не требуется.
       Link:
         C:\Program Files\Microsoft Visual Studio\2022\Community\VC\Tools\MSVC\14.37.32822\bin\HostX86\x86\link.exe /ERRORREPORT:PROMPT /OUT:"C:\Users\User\Desktop\СП\SP_Lab05\lab4-ht-com-dll\Debug\OS13_HTCOM.dll" /INCREMENTAL /ILK:"Debug\OS13_HTCOM.ilk" /NOLOGO kernel32.lib user32.lib gdi32.lib winspool.lib comdlg32.lib advapi32.lib shell32.lib ole32.lib oleaut32.lib uuid.lib odbc32.lib odbccp32.lib /DEF:"./OS13_HTCOM.def" /MANIFEST /MANIFESTUAC:NO /manifest:embed /DEBUG /PDB:"C:\Users\User\Desktop\СП\SP_Lab05\lab4-ht-com-dll\Debug\OS13_HTCOM.pdb" /SUBSYSTEM:WINDOWS /TLBID:1 /DYNAMICBASE /NXCOMPAT /IMPLIB:"C:\Users\User\Desktop\СП\SP_Lab05\lab4-ht-com-dll\Debug\OS13_HTCOM.lib" /MACHINE:X86 /DLL Debug\ClassFactory.obj
         Debug\ComponentHT.obj
         Debug\dllmain.obj
         Debug\ExportFunctions.obj
         Debug\pch.obj
         Debug\Registry.obj
     1>LINK : fatal error LNK1104: не удается открыть файл "../../lab10/Debug/OS10_HTAPI.lib"
     1>Сборка проекта "C:\Users\User\Desktop\СП\SP_Lab05\lab4-ht-com-dll\OS13_HTCOM\OS13_HTCOM.vcxproj" завершена (целевые объекты Build) с ошибкой.

Ошибка сборки.

       "C:\Users\User\Desktop\СП\SP_Lab05\lab4-ht-com-dll\OS13_HTCOM\OS13_HTCOM.vcxproj" (целевой объект Build ) (1) ->
       (Целевой объект Link) -> 
         LINK : fatal error LNK1104: не удается открыть файл "../../lab10/Debug/OS10_HTAPI.lib"

    Предупреждений: 0
    Ошибок: 1

Прошло времени 00:00:00.11
