Сборка начата 22.12.2023 19:03:32.
Уровень детализации журнала: Normal.     1>Проект "C:\сп\SP_Lab07\lab6-ht-service-user-com-dll\OS_0403\OS_0403.vcxproj" в узле 2 (целевые объекты Build).
     1>InitializeBuildStatus:
         Создание "x64\Debug\OS_0403.tlog\unsuccessfulbuild", так как было задано "AlwaysCreate".
         Обращение к "x64\Debug\OS_0403.tlog\unsuccessfulbuild".
       ClCompile:
         C:\Program Files\Microsoft Visual Studio\2022\Community\VC\Tools\MSVC\14.37.32822\bin\HostX64\x64\CL.exe /c /ZI /JMC /nologo /W3 /WX- /diagnostics:column /sdl /Od /D _DEBUG /D _CONSOLE /D _UNICODE /D UNICODE /Gm- /EHsc /RTC1 /MDd /GS /fp:precise /Zc:wchar_t /Zc:forScope /Zc:inline /permissive- /Fo"x64\Debug\\" /Fd"x64\Debug\vc143.pdb" /external:W3 /Gd /TP /FC /errorReport:prompt main.cpp
         main.cpp
     1>C:\сп\SP_Lab07\lab6-ht-service-user-com-dll\OS_0403\main.cpp(46,94): warning C4267: аргумент: преобразование из "size_t" в "int"; возможна потеря данных
       Link:
         C:\Program Files\Microsoft Visual Studio\2022\Community\VC\Tools\MSVC\14.37.32822\bin\HostX64\x64\link.exe /ERRORREPORT:PROMPT /OUT:"C:\сп\SP_Lab07\lab6-ht-service-user-com-dll\x64\Debug\OS_0403.exe" /INCREMENTAL /ILK:"x64\Debug\OS_0403.ilk" /NOLOGO kernel32.lib user32.lib gdi32.lib winspool.lib comdlg32.lib advapi32.lib shell32.lib ole32.lib oleaut32.lib uuid.lib odbc32.lib odbccp32.lib /MANIFEST /MANIFESTUAC:"level='asInvoker' uiAccess='false'" /manifest:embed /DEBUG /PDB:"C:\сп\SP_Lab07\lab6-ht-service-user-com-dll\x64\Debug\OS_0403.pdb" /SUBSYSTEM:CONSOLE /TLBID:1 /DYNAMICBASE /NXCOMPAT /IMPLIB:"C:\сп\SP_Lab07\lab6-ht-service-user-com-dll\x64\Debug\OS_0403.lib" /MACHINE:X64 x64\Debug\main.obj
         "C:\сп\SP_Lab07\lab6-ht-service-user-com-dll\x64\Debug\OS15_HTAPI.lib"
         "C:\сп\SP_Lab07\lab6-ht-service-user-com-dll\x64\Debug\OS15_HTCOM.lib"
         "C:\сп\SP_Lab07\lab6-ht-service-user-com-dll\x64\Debug\OS15_HTCOM_LIB.lib"
         OS_0403.vcxproj -> C:\сп\SP_Lab07\lab6-ht-service-user-com-dll\x64\Debug\OS_0403.exe
       FinalizeBuildStatus:
         Файл "x64\Debug\OS_0403.tlog\unsuccessfulbuild" удаляется.
         Обращение к "x64\Debug\OS_0403.tlog\OS_0403.lastbuildstate".
     1>Сборка проекта "C:\сп\SP_Lab07\lab6-ht-service-user-com-dll\OS_0403\OS_0403.vcxproj" завершена (целевые объекты Build).

Сборка успешно завершена.

       "C:\сп\SP_Lab07\lab6-ht-service-user-com-dll\OS_0403\OS_0403.vcxproj" (целевой объект Build ) (1) ->
       (Целевой объект ClCompile) -> 
         C:\сп\SP_Lab07\lab6-ht-service-user-com-dll\OS_0403\main.cpp(46,94): warning C4267: аргумент: преобразование из "size_t" в "int"; возможна потеря данных

    Предупреждений: 1
    Ошибок: 0

Прошло времени 00:00:01.28
