Сборка начата 28.09.2023 21:01:30.
Уровень детализации журнала: Normal.     1>Проект "C:\Users\User\Desktop\SP_Lab02\SP02_COM\SP02_COM.vcxproj" в узле 2 (целевые объекты Build).
     1>C:\Program Files\Microsoft Visual Studio\2022\Community\MSBuild\Microsoft\VC\v170\Microsoft.CppBuild.targets(510,5): warning MSB8028: промежуточный каталог (x64\Debug\) содержит файлы, которые используются совместно с другим проектом (OS12_COM.vcxproj).  Это может привести к ошибкам очистки и перестроения.
     1>InitializeBuildStatus:
         Создание "x64\Debug\SP02_COM.tlog\unsuccessfulbuild", так как было задано "AlwaysCreate".
       ClCompile:
         C:\Program Files\Microsoft Visual Studio\2022\Community\VC\Tools\MSVC\14.30.30705\bin\HostX64\x64\CL.exe /c /ZI /JMC /nologo /W3 /WX- /diagnostics:column /sdl /Od /D _DEBUG /D _CONSOLE /D _WINDLL /D _UNICODE /D UNICODE /Gm- /EHsc /RTC1 /MDd /GS /fp:precise /Zc:wchar_t /Zc:forScope /Zc:inline /permissive- /Fo"x64\Debug\\" /Fd"x64\Debug\vc143.pdb" /external:W3 /Gd /TP /FC /errorReport:prompt Math.cpp MathFactory.cpp dllmain.cpp
         Math.cpp
         MathFactory.cpp
         dllmain.cpp
         Создание кода...
       Link:
         C:\Program Files\Microsoft Visual Studio\2022\Community\VC\Tools\MSVC\14.30.30705\bin\HostX64\x64\link.exe /ERRORREPORT:PROMPT /OUT:"C:\Users\User\Desktop\SP_Lab02\x64\Debug\SP02_COM.dll" /INCREMENTAL /ILK:"x64\Debug\SP02_COM.ilk" /NOLOGO kernel32.lib user32.lib gdi32.lib winspool.lib comdlg32.lib advapi32.lib shell32.lib ole32.lib oleaut32.lib uuid.lib odbc32.lib odbccp32.lib /MANIFEST /MANIFESTUAC:"level='asInvoker' uiAccess='false'" /manifest:embed /DEBUG /PDB:"C:\Users\User\Desktop\SP_Lab02\x64\Debug\SP02_COM.pdb" /SUBSYSTEM:CONSOLE /TLBID:1 /DYNAMICBASE /NXCOMPAT /IMPLIB:"C:\Users\User\Desktop\SP_Lab02\x64\Debug\SP02_COM.lib" /MACHINE:X64 /DLL x64\Debug\dllmain.obj
         x64\Debug\Math.obj
         x64\Debug\MathFactory.obj
         x64\Debug\Registry.obj
         SP02_COM.vcxproj -> C:\Users\User\Desktop\SP_Lab02\x64\Debug\SP02_COM.dll
       FinalizeBuildStatus:
         Файл "x64\Debug\SP02_COM.tlog\unsuccessfulbuild" удаляется.
         Обращение к "x64\Debug\SP02_COM.tlog\SP02_COM.lastbuildstate".
     1>Сборка проекта "C:\Users\User\Desktop\SP_Lab02\SP02_COM\SP02_COM.vcxproj" завершена (целевые объекты Build).

Сборка успешно завершена.

       "C:\Users\User\Desktop\SP_Lab02\SP02_COM\SP02_COM.vcxproj" (целевой объект Build ) (1) ->
       (Целевой объект PrepareForBuild) -> 
         C:\Program Files\Microsoft Visual Studio\2022\Community\MSBuild\Microsoft\VC\v170\Microsoft.CppBuild.targets(510,5): warning MSB8028: промежуточный каталог (x64\Debug\) содержит файлы, которые используются совместно с другим проектом (OS12_COM.vcxproj).  Это может привести к ошибкам очистки и перестроения.

    Предупреждений: 1
    Ошибок: 0

Прошло времени 00:00:02.29
