Сборка начата 21.12.2023 18:09:22.
Уровень детализации журнала: Normal.     1>Проект "C:\сп\SP_Lab06\OS_Lab14\OS14_HTAPI\OS14_HTAPI.vcxproj" в узле 2 (целевые объекты Build).
     1>InitializeBuildStatus:
         Создание "x64\Debug\OS14_HTAPI.tlog\unsuccessfulbuild", так как было задано "AlwaysCreate".
         Обращение к "x64\Debug\OS14_HTAPI.tlog\unsuccessfulbuild".
       ClCompile:
         Для всех выходных данных обновления не требуется.
         C:\Program Files\Microsoft Visual Studio\2022\Community\VC\Tools\MSVC\14.37.32822\bin\HostX64\x64\CL.exe /c /ZI /JMC /nologo /W3 /WX- /diagnostics:column /sdl /Od /D _DEBUG /D _LIB /D _UNICODE /D UNICODE /Gm- /EHsc /RTC1 /MDd /GS /fp:precise /Zc:wchar_t /Zc:forScope /Zc:inline /permissive- /Yu"pch.h" /Fp"x64\Debug\OS14_HTAPI.pch" /Fo"x64\Debug\\" /Fd"C:\сп\SP_Lab06\OS_Lab14\x64\Debug\OS14_HTAPI.pdb" /external:W3 /Gd /TP /FC /errorReport:prompt HT.cpp
         HT.cpp
       Lib:
         C:\Program Files\Microsoft Visual Studio\2022\Community\VC\Tools\MSVC\14.37.32822\bin\HostX64\x64\Lib.exe /OUT:"C:\сп\SP_Lab06\OS_Lab14\x64\Debug\OS14_HTAPI.lib" /NOLOGO /MACHINE:X64 x64\Debug\Auth.obj
         x64\Debug\Element.obj
         x64\Debug\HT.obj
         x64\Debug\pch.obj
         OS14_HTAPI.vcxproj -> C:\сп\SP_Lab06\OS_Lab14\x64\Debug\OS14_HTAPI.lib
       FinalizeBuildStatus:
         Файл "x64\Debug\OS14_HTAPI.tlog\unsuccessfulbuild" удаляется.
         Обращение к "x64\Debug\OS14_HTAPI.tlog\OS14_HTAPI.lastbuildstate".
     1>Сборка проекта "C:\сп\SP_Lab06\OS_Lab14\OS14_HTAPI\OS14_HTAPI.vcxproj" завершена (целевые объекты Build).

Сборка успешно завершена.
    Предупреждений: 0
    Ошибок: 0

Прошло времени 00:00:01.05
