d:\study\osi\lab5-ht-user-com-dll\os14_htapi\x64\debug\os14_htapi.pch
d:\study\osi\lab5-ht-user-com-dll\x64\debug\os14_htapi.pdb
d:\study\osi\lab5-ht-user-com-dll\x64\debug\os14_htapi.idb
d:\study\osi\lab5-ht-user-com-dll\os14_htapi\x64\debug\pch.obj
d:\study\osi\lab5-ht-user-com-dll\os14_htapi\x64\debug\ht.obj
d:\study\osi\lab5-ht-user-com-dll\os14_htapi\x64\debug\element.obj
d:\study\osi\lab5-ht-user-com-dll\os14_htapi\x64\debug\auth.obj
c:\users\valda\source\repos\semester#6\оси\os_lab14\os14_htapi\x64\debug\os14_htapi.pch
c:\users\valda\source\repos\semester#6\оси\os_lab14\x64\debug\os14_htapi.pdb
c:\users\valda\source\repos\semester#6\оси\os_lab14\x64\debug\os14_htapi.idb
c:\users\valda\source\repos\semester#6\оси\os_lab14\os14_htapi\x64\debug\pch.obj
c:\users\valda\source\repos\semester#6\оси\os_lab14\os14_htapi\x64\debug\ht.obj
c:\users\valda\source\repos\semester#6\оси\os_lab14\os14_htapi\x64\debug\element.obj
c:\users\valda\source\repos\semester#6\оси\os_lab14\os14_htapi\x64\debug\auth.obj
c:\users\user\desktop\сп\sp_lab06\os_lab14\os14_htapi\x64\debug\os14_htapi.pch
c:\users\user\desktop\сп\sp_lab06\os_lab14\x64\debug\os14_htapi.pdb
c:\users\user\desktop\сп\sp_lab06\os_lab14\x64\debug\os14_htapi.idb
c:\users\user\desktop\сп\sp_lab06\os_lab14\os14_htapi\x64\debug\pch.obj
c:\users\user\desktop\сп\sp_lab06\os_lab14\os14_htapi\x64\debug\ht.obj
c:\users\user\desktop\сп\sp_lab06\os_lab14\os14_htapi\x64\debug\element.obj
c:\users\user\desktop\сп\sp_lab06\os_lab14\os14_htapi\x64\debug\auth.obj
d:\study\osi\lab5-ht-user-com-dll\x64\debug\os14_htapi.lib
c:\users\valda\source\repos\semester#6\оси\os_lab14\x64\debug\os14_htapi.lib
c:\users\user\desktop\сп\sp_lab06\os_lab14\x64\debug\os14_htapi.lib
c:\users\user\desktop\сп\sp_lab06\os_lab14\os14_htapi\x64\debug\os14_htapi.tlog\cl.command.1.tlog
c:\users\user\desktop\сп\sp_lab06\os_lab14\os14_htapi\x64\debug\os14_htapi.tlog\cl.items.tlog
c:\users\user\desktop\сп\sp_lab06\os_lab14\os14_htapi\x64\debug\os14_htapi.tlog\cl.read.1.tlog
c:\users\user\desktop\сп\sp_lab06\os_lab14\os14_htapi\x64\debug\os14_htapi.tlog\cl.write.1.tlog
c:\users\user\desktop\сп\sp_lab06\os_lab14\os14_htapi\x64\debug\os14_htapi.tlog\lib-link.read.1.tlog
c:\users\user\desktop\сп\sp_lab06\os_lab14\os14_htapi\x64\debug\os14_htapi.tlog\lib-link.write.1.tlog
c:\users\user\desktop\сп\sp_lab06\os_lab14\os14_htapi\x64\debug\os14_htapi.tlog\lib.command.1.tlog
