Сборка начата 11.11.2023 13:12:36.
Уровень детализации журнала: Normal.     1>Проект "C:\Users\User\Desktop\СП\SP_Lab03\OS_Lab10\OS10_01\OS10_01.vcxproj" в узле 2 (целевые объекты Build).
     1>InitializeBuildStatus:
         Создание "Debug\OS10_01.tlog\unsuccessfulbuild", так как было задано "AlwaysCreate".
         Обращение к "Debug\OS10_01.tlog\unsuccessfulbuild".
       ClCompile:
         C:\Program Files\Microsoft Visual Studio\2022\Community\VC\Tools\MSVC\14.37.32822\bin\HostX86\x86\CL.exe /c /ZI /JMC /nologo /W3 /WX- /diagnostics:column /sdl /Od /Oy- /D WIN32 /D _DEBUG /D _CONSOLE /D _UNICODE /D UNICODE /Gm- /EHsc /RTC1 /MDd /GS /fp:precise /Zc:wchar_t /Zc:forScope /Zc:inline /permissive- /Fo"Debug\\" /Fd"Debug\vc143.pdb" /external:W3 /Gd /TP /analyze- /FC /errorReport:prompt HT.cpp
         HT.cpp
       Link:
         C:\Program Files\Microsoft Visual Studio\2022\Community\VC\Tools\MSVC\14.37.32822\bin\HostX86\x86\link.exe /ERRORREPORT:PROMPT /OUT:"C:\Users\User\Desktop\СП\SP_Lab03\OS_Lab10\Debug\OS10_01.exe" /INCREMENTAL /ILK:"Debug\OS10_01.ilk" /NOLOGO kernel32.lib user32.lib gdi32.lib winspool.lib comdlg32.lib advapi32.lib shell32.lib ole32.lib oleaut32.lib uuid.lib odbc32.lib odbccp32.lib /MANIFEST /MANIFESTUAC:"level='asInvoker' uiAccess='false'" /manifest:embed /DEBUG /PDB:"C:\Users\User\Desktop\СП\SP_Lab03\OS_Lab10\Debug\OS10_01.pdb" /SUBSYSTEM:CONSOLE /TLBID:1 /DYNAMICBASE /NXCOMPAT /IMPLIB:"C:\Users\User\Desktop\СП\SP_Lab03\OS_Lab10\Debug\OS10_01.lib" /MACHINE:X86 Debug\Element.obj
         Debug\HT.obj
         Debug\main.obj
         OS10_01.vcxproj -> C:\Users\User\Desktop\СП\SP_Lab03\OS_Lab10\Debug\OS10_01.exe
       FinalizeBuildStatus:
         Файл "Debug\OS10_01.tlog\unsuccessfulbuild" удаляется.
         Обращение к "Debug\OS10_01.tlog\OS10_01.lastbuildstate".
     1>Сборка проекта "C:\Users\User\Desktop\СП\SP_Lab03\OS_Lab10\OS10_01\OS10_01.vcxproj" завершена (целевые объекты Build).

Сборка успешно завершена.
    Предупреждений: 0
    Ошибок: 0

Прошло времени 00:00:02.97
