Сборка начата 21.12.2023 16:44:33.
Уровень детализации журнала: Normal.     1>Проект "C:\сп\SP_Lab07\lab6-ht-service-user-com-dll\OS15_CREATE\OS15_CREATE.vcxproj" в узле 2 (целевые объекты Build).
     1>InitializeBuildStatus:
         Создание "x64\Debug\OS15_CREATE.tlog\unsuccessfulbuild", так как было задано "AlwaysCreate".
         Обращение к "x64\Debug\OS15_CREATE.tlog\unsuccessfulbuild".
       ClCompile:
         Для всех выходных данных обновления не требуется.
       Link:
         C:\Program Files\Microsoft Visual Studio\2022\Community\VC\Tools\MSVC\14.37.32822\bin\HostX64\x64\link.exe /ERRORREPORT:PROMPT /OUT:"C:\сп\SP_Lab07\lab6-ht-service-user-com-dll\x64\Debug\OS15_CREATE.exe" /INCREMENTAL /ILK:"x64\Debug\OS15_CREATE.ilk" /NOLOGO kernel32.lib user32.lib gdi32.lib winspool.lib comdlg32.lib advapi32.lib shell32.lib ole32.lib oleaut32.lib uuid.lib odbc32.lib odbccp32.lib /MANIFEST /MANIFESTUAC:"level='asInvoker' uiAccess='false'" /manifest:embed /DEBUG /PDB:"C:\сп\SP_Lab07\lab6-ht-service-user-com-dll\x64\Debug\OS15_CREATE.pdb" /SUBSYSTEM:CONSOLE /TLBID:1 /DYNAMICBASE /NXCOMPAT /IMPLIB:"C:\сп\SP_Lab07\lab6-ht-service-user-com-dll\x64\Debug\OS15_CREATE.lib" /MACHINE:X64 x64\Debug\main.obj
         "C:\сп\SP_Lab07\lab6-ht-service-user-com-dll\x64\Debug\OS15_HTAPI.lib"
         "C:\сп\SP_Lab07\lab6-ht-service-user-com-dll\x64\Debug\OS15_HTCOM.lib"
         "C:\сп\SP_Lab07\lab6-ht-service-user-com-dll\x64\Debug\OS15_HTCOM_LIB.lib"
         OS15_CREATE.vcxproj -> C:\сп\SP_Lab07\lab6-ht-service-user-com-dll\x64\Debug\OS15_CREATE.exe
       FinalizeBuildStatus:
         Файл "x64\Debug\OS15_CREATE.tlog\unsuccessfulbuild" удаляется.
         Обращение к "x64\Debug\OS15_CREATE.tlog\OS15_CREATE.lastbuildstate".
     1>Сборка проекта "C:\сп\SP_Lab07\lab6-ht-service-user-com-dll\OS15_CREATE\OS15_CREATE.vcxproj" завершена (целевые объекты Build).

Сборка успешно завершена.
    Предупреждений: 0
    Ошибок: 0

Прошло времени 00:00:00.59
